d:\spring2018\cgt-521\project\bodygraphe_midi\template\debug\vc140.pdb
d:\spring2018\cgt-521\project\bodygraphe_midi\template\debug\vc140.idb
d:\spring2018\cgt-521\project\bodygraphe_midi\template\debug\bodygraphe.obj
d:\spring2018\cgt-521\project\bodygraphe_midi\template\debug\file_io.obj
d:\spring2018\cgt-521\project\bodygraphe_midi\template\debug\imgui.obj
d:\spring2018\cgt-521\project\bodygraphe_midi\template\debug\imgui_demo.obj
d:\spring2018\cgt-521\project\bodygraphe_midi\template\debug\imgui_draw.obj
d:\spring2018\cgt-521\project\bodygraphe_midi\template\debug\imgui_impl_glut.obj
d:\spring2018\cgt-521\project\bodygraphe_midi\template\debug\initshader.obj
d:\spring2018\cgt-521\project\bodygraphe_midi\template\debug\button.obj
d:\spring2018\cgt-521\project\bodygraphe_midi\template\debug\input.obj
d:\spring2018\cgt-521\project\bodygraphe_midi\template\debug\range.obj
d:\spring2018\cgt-521\project\bodygraphe_midi\template\debug\toggle.obj
d:\spring2018\cgt-521\project\bodygraphe_midi\template\debug\loadmesh.obj
d:\spring2018\cgt-521\project\bodygraphe_midi\template\debug\loadtexture.obj
d:\spring2018\cgt-521\project\bodygraphe_midi\template\debug\main.obj
d:\spring2018\cgt-521\project\bodygraphe_midi\template\debug\nanokontrol2.obj
d:\spring2018\cgt-521\project\bodygraphe_midi\template\debug\rtmidi.obj
d:\spring2018\cgt-521\project\bodygraphe_midi\template\debug\rtmidi_c.obj
d:\spring2018\cgt-521\project\bodygraphe_midi\template\debug\screengrabber.obj
d:\spring2018\cgt-521\project\bodygraphe_midi\template\debug\videomux.obj
d:\spring2018\cgt-521\project\bodygraphe_midi\template\debug\board.obj
d:\spring2018\cgt-521\project\bodygraphe_midi\template\debug\board_controller.obj
d:\spring2018\cgt-521\project\bodygraphe_midi\template\debug\kinectjointfilter.obj
d:\spring2018\cgt-521\project\bodygraphe_midi\debug\template.ilk
d:\spring2018\cgt-521\project\bodygraphe_midi\debug\template.exe
d:\spring2018\cgt-521\project\bodygraphe_midi\debug\template.pdb
d:\spring2018\cgt-521\project\bodygraphe_midi\template\debug\template.tlog\cl.command.1.tlog
d:\spring2018\cgt-521\project\bodygraphe_midi\template\debug\template.tlog\cl.read.1.tlog
d:\spring2018\cgt-521\project\bodygraphe_midi\template\debug\template.tlog\cl.write.1.tlog
d:\spring2018\cgt-521\project\bodygraphe_midi\template\debug\template.tlog\link.command.1.tlog
d:\spring2018\cgt-521\project\bodygraphe_midi\template\debug\template.tlog\link.read.1.tlog
d:\spring2018\cgt-521\project\bodygraphe_midi\template\debug\template.tlog\link.write.1.tlog
